2013/11/05 17:04:01 [error] [exception.CHttpException.404] exception 'CHttpException' with message 'Unable to resolve the request "users".' in /home/xj/public_html/ktvs/trunk/yii/framework/web/CWebApplication.php:286
Stack trace:
#0 /home/xj/public_html/ktvs/trunk/yii/framework/web/CWebApplication.php(141): CWebApplication->runController('users')
#1 /home/xj/public_html/ktvs/trunk/yii/framework/base/CApplication.php(180): CWebApplication->processRequest()
#2 /home/xj/public_html/ktvs/trunk/index.php(13): CApplication->run()
#3 {main}
REQUEST_URI=/ktvs/trunk/index.php?r=users
---
2013/11/06 17:37:35 [error] [exception.CHttpException.404] exception 'CHttpException' with message 'The requested view "index" was not found.' in /home/xj/public_html/ktvs/trunk/yii/framework/web/actions/CViewAction.php:112
Stack trace:
#0 /home/xj/public_html/ktvs/trunk/yii/framework/web/actions/CViewAction.php(123): CViewAction->resolveView('index')
#1 /home/xj/public_html/ktvs/trunk/yii/framework/web/actions/CAction.php(76): CViewAction->run()
#2 /home/xj/public_html/ktvs/trunk/yii/framework/web/CController.php(308): CAction->runWithParams(Array)
#3 /home/xj/public_html/ktvs/trunk/yii/framework/web/CController.php(286): CController->runAction(Object(CViewAction))
#4 /home/xj/public_html/ktvs/trunk/yii/framework/web/CController.php(265): CController->runActionWithFilters(Object(CViewAction), Array)
#5 /home/xj/public_html/ktvs/trunk/yii/framework/web/CWebApplication.php(282): CController->run('page')
#6 /home/xj/public_html/ktvs/trunk/yii/framework/web/CWebApplication.php(141): CWebApplication->runController('site/page')
#7 /home/xj/public_html/ktvs/trunk/yii/framework/base/CApplication.php(180): CWebApplication->processRequest()
#8 /home/xj/public_html/ktvs/trunk/index.php(13): CApplication->run()
#9 {main}
REQUEST_URI=/ktvs/trunk/index.php?r=site/page
---
2013/11/07 10:35:56 [warning] [application] Failed to set unsafe attribute "created_at" of "Page".
in /home/xj/public_html/ktvs/trunk/protected/controllers/PageController.php (72)
in /home/xj/public_html/ktvs/trunk/index.php (13)
2013/11/07 10:35:56 [warning] [application] Failed to set unsafe attribute "updated_at" of "Page".
in /home/xj/public_html/ktvs/trunk/protected/controllers/PageController.php (72)
in /home/xj/public_html/ktvs/trunk/index.php (13)
2013/11/07 10:43:32 [error] [exception.CHttpException.404] exception 'CHttpException' with message 'The system is unable to find the requested action "gii".' in /home/xj/public_html/ktvs/trunk/yii/framework/web/CController.php:483
Stack trace:
#0 /home/xj/public_html/ktvs/trunk/yii/framework/web/CController.php(270): CController->missingAction('gii')
#1 /home/xj/public_html/ktvs/trunk/yii/framework/web/CWebApplication.php(282): CController->run('gii')
#2 /home/xj/public_html/ktvs/trunk/yii/framework/web/CWebApplication.php(141): CWebApplication->runController('site/gii')
#3 /home/xj/public_html/ktvs/trunk/yii/framework/base/CApplication.php(180): CWebApplication->processRequest()
#4 /home/xj/public_html/ktvs/trunk/index.php(13): CApplication->run()
#5 {main}
REQUEST_URI=/ktvs/trunk/index.php?r=site/gii
HTTP_REFERER=http://localhost/ktvs/trunk/index.php?r=site/index
---
2013/11/07 10:45:38 [error] [exception.CHttpException.404] exception 'CHttpException' with message 'Unable to resolve the request "gii/index".' in /home/xj/public_html/ktvs/trunk/yii/framework/web/CWebApplication.php:286
Stack trace:
#0 /home/xj/public_html/ktvs/trunk/yii/framework/web/CWebApplication.php(141): CWebApplication->runController('gii/index')
#1 /home/xj/public_html/ktvs/trunk/yii/framework/base/CApplication.php(180): CWebApplication->processRequest()
#2 /home/xj/public_html/ktvs/trunk/index.php(13): CApplication->run()
#3 {main}
REQUEST_URI=/ktvs/trunk/index.php?r=gii/index
HTTP_REFERER=http://localhost/ktvs/trunk/index.php
---
2013/11/07 10:47:29 [warning] [application] Failed to set unsafe attribute "created_at" of "User".
in /home/xj/public_html/ktvs/trunk/protected/controllers/UserController.php (72)
in /home/xj/public_html/ktvs/trunk/index.php (13)
2013/11/07 10:47:29 [warning] [application] Failed to set unsafe attribute "updated_at" of "User".
in /home/xj/public_html/ktvs/trunk/protected/controllers/UserController.php (72)
in /home/xj/public_html/ktvs/trunk/index.php (13)
2013/11/07 10:47:29 [error] [system.db.CDbCommand] CDbCommand::execute() failed: SQLSTATE[HY000]: General error: 8 attempt to write a readonly database. The SQL statement executed was: INSERT INTO 'tbl_user' ("is_admin", "name", "email", "password") VALUES (:yp0, :yp1, :yp2, :yp3).
in /home/xj/public_html/ktvs/trunk/protected/controllers/UserController.php (73)
in /home/xj/public_html/ktvs/trunk/index.php (13)
2013/11/07 10:47:29 [error] [exception.CDbException] exception 'CDbException' with message 'CDbCommand failed to execute the SQL statement: SQLSTATE[HY000]: General error: 8 attempt to write a readonly database. The SQL statement executed was: INSERT INTO 'tbl_user' ("is_admin", "name", "email", "password") VALUES (:yp0, :yp1, :yp2, :yp3)' in /home/xj/public_html/ktvs/trunk/yii/framework/db/CDbCommand.php:358
Stack trace:
#0 /home/xj/public_html/ktvs/trunk/yii/framework/db/ar/CActiveRecord.php(1077): CDbCommand->execute()
#1 /home/xj/public_html/ktvs/trunk/yii/framework/db/ar/CActiveRecord.php(806): CActiveRecord->insert(NULL)
#2 /home/xj/public_html/ktvs/trunk/protected/controllers/UserController.php(73): CActiveRecord->save()
#3 /home/xj/public_html/ktvs/trunk/yii/framework/web/actions/CInlineAction.php(49): UserController->actionCreate()
#4 /home/xj/public_html/ktvs/trunk/yii/framework/web/CController.php(308): CInlineAction->runWithParams(Array)
#5 /home/xj/public_html/ktvs/trunk/yii/framework/web/filters/CFilterChain.php(133): CController->runAction(Object(CInlineAction))
#6 /home/xj/public_html/ktvs/trunk/yii/framework/web/filters/CFilter.php(40): CFilterChain->run()
#7 /home/xj/public_html/ktvs/trunk/yii/framework/web/CController.php(1145): CFilter->filter(Object(CFilterChain))
#8 /home/xj/public_html/ktvs/trunk/yii/framework/web/filters/CInlineFilter.php(58): CController->filterAccessControl(Object(CFilterChain))
#9 /home/xj/public_html/ktvs/trunk/yii/framework/web/filters/CFilterChain.php(130): CInlineFilter->filter(Object(CFilterChain))
#10 /home/xj/public_html/ktvs/trunk/yii/framework/web/CController.php(291): CFilterChain->run()
#11 /home/xj/public_html/ktvs/trunk/yii/framework/web/CController.php(265): CController->runActionWithFilters(Object(CInlineAction), Array)
#12 /home/xj/public_html/ktvs/trunk/yii/framework/web/CWebApplication.php(282): CController->run('create')
#13 /home/xj/public_html/ktvs/trunk/yii/framework/web/CWebApplication.php(141): CWebApplication->runController('user/create')
#14 /home/xj/public_html/ktvs/trunk/yii/framework/base/CApplication.php(180): CWebApplication->processRequest()
#15 /home/xj/public_html/ktvs/trunk/index.php(13): CApplication->run()
#16 {main}
REQUEST_URI=/ktvs/trunk/index.php?r=user/create
HTTP_REFERER=http://localhost/ktvs/trunk/index.php?r=user/create
---
