2013/11/05 17:04:01 [error] [exception.CHttpException.404] exception 'CHttpException' with message 'Unable to resolve the request "users".' in /home/xj/public_html/ktvs/trunk/yii/framework/web/CWebApplication.php:286
Stack trace:
#0 /home/xj/public_html/ktvs/trunk/yii/framework/web/CWebApplication.php(141): CWebApplication->runController('users')
#1 /home/xj/public_html/ktvs/trunk/yii/framework/base/CApplication.php(180): CWebApplication->processRequest()
#2 /home/xj/public_html/ktvs/trunk/index.php(13): CApplication->run()
#3 {main}
REQUEST_URI=/ktvs/trunk/index.php?r=users
---
2013/11/06 17:37:35 [error] [exception.CHttpException.404] exception 'CHttpException' with message 'The requested view "index" was not found.' in /home/xj/public_html/ktvs/trunk/yii/framework/web/actions/CViewAction.php:112
Stack trace:
#0 /home/xj/public_html/ktvs/trunk/yii/framework/web/actions/CViewAction.php(123): CViewAction->resolveView('index')
#1 /home/xj/public_html/ktvs/trunk/yii/framework/web/actions/CAction.php(76): CViewAction->run()
#2 /home/xj/public_html/ktvs/trunk/yii/framework/web/CController.php(308): CAction->runWithParams(Array)
#3 /home/xj/public_html/ktvs/trunk/yii/framework/web/CController.php(286): CController->runAction(Object(CViewAction))
#4 /home/xj/public_html/ktvs/trunk/yii/framework/web/CController.php(265): CController->runActionWithFilters(Object(CViewAction), Array)
#5 /home/xj/public_html/ktvs/trunk/yii/framework/web/CWebApplication.php(282): CController->run('page')
#6 /home/xj/public_html/ktvs/trunk/yii/framework/web/CWebApplication.php(141): CWebApplication->runController('site/page')
#7 /home/xj/public_html/ktvs/trunk/yii/framework/base/CApplication.php(180): CWebApplication->processRequest()
#8 /home/xj/public_html/ktvs/trunk/index.php(13): CApplication->run()
#9 {main}
REQUEST_URI=/ktvs/trunk/index.php?r=site/page
---
